[01m[K/home/tm/ros2_ws/src/cpp_pubsub/src/subscriber/member_function_with_type_adapter.cpp:11:16:[m[K [01;31m[Kerror: [m[Kâ€˜[01m[Krclcpp::Type[m[Kâ€™ has not been declared
   11 | struct rclcpp::[01;31m[KType[m[K::TypeAdapter<std::string, std_msgs::msg::String>
      |                [01;31m[K^~~~[m[K
[01m[K/home/tm/ros2_ws/src/cpp_pubsub/src/subscriber/member_function_with_type_adapter.cpp:11:33:[m[K [01;31m[Kerror: [m[Kexpected unqualified-id before â€˜[01m[K<[m[Kâ€™ token
   11 | struct rclcpp::Type::TypeAdapter[01;31m[K<[m[Kstd::string, std_msgs::msg::String>
      |                                 [01;31m[K^[m[K
[01m[K/home/tm/ros2_ws/src/cpp_pubsub/src/subscriber/member_function_with_type_adapter.cpp:[m[K In constructor â€˜[01m[KMinimalSubscriber::MinimalSubscriber()[m[Kâ€™:
[01m[K/home/tm/ros2_ws/src/cpp_pubsub/src/subscriber/member_function_with_type_adapter.cpp:36:99:[m[K [01;31m[Kerror: [m[Kexpected â€˜[01m[K)[m[Kâ€™ before â€˜[01m[K;[m[Kâ€™ token
   36 |             "topic", 1, std::bind(&MinimalSubscriber::topic_callback, this, std::placeholders::_1)[01;31m[K;[m[K
      |                                                                                                   [01;31m[K^[m[K
[01m[K/home/tm/ros2_ws/src/cpp_pubsub/src/subscriber/member_function_with_type_adapter.cpp:35:65:[m[K [01;36m[Knote: [m[Kto match this â€˜[01m[K([m[Kâ€™
   35 |         subscription_ = this->create_subscription<MyAdaptedType>[01;36m[K([m[K
      |                                                                 [01;36m[K^[m[K
[01m[K/home/tm/ros2_ws/src/cpp_pubsub/src/subscriber/member_function_with_type_adapter.cpp:37:9:[m[K [01;31m[Kerror: [m[Kexpected primary-expression before â€˜[01m[K)[m[Kâ€™ token
   37 |         [01;31m[K)[m[K;
      |         [01;31m[K^[m[K
gmake[2]: *** [CMakeFiles/listener.dir/build.make:76: CMakeFiles/listener.dir/src/subscriber/member_function_with_type_adapter.cpp.o] Error 1
gmake[1]: *** [CMakeFiles/Makefile2:165: CMakeFiles/listener.dir/all] Error 2
gmake[1]: *** Waiting for unfinished jobs....
gmake: *** [Makefile:146: all] Error 2
