-- The C compiler identification is GNU 11.4.0
-- The CXX compiler identification is GNU 11.4.0
-- Detecting C compiler ABI info
-- Detecting C compiler ABI info - done
-- Check for working C compiler: /usr/bin/cc - skipped
-- Detecting C compile features
-- Detecting C compile features - done
-- Detecting CXX compiler ABI info
-- Detecting CXX compiler ABI info - done
-- Check for working CXX compiler: /usr/bin/c++ - skipped
-- Detecting CXX compile features
-- Detecting CXX compile features - done
-- Found ament_cmake: 1.3.10 (/opt/ros/humble/share/ament_cmake/cmake)
-- Found Python3: /usr/bin/python3 (found version "3.10.12") found components: Interpreter 
-- Found rclcpp: 16.0.10 (/opt/ros/humble/share/rclcpp/cmake)
-- Found rosidl_generator_c: 3.1.5 (/opt/ros/humble/share/rosidl_generator_c/cmake)
-- Found rosidl_adapter: 3.1.5 (/opt/ros/humble/share/rosidl_adapter/cmake)
-- Found rosidl_generator_cpp: 3.1.5 (/opt/ros/humble/share/rosidl_generator_cpp/cmake)
-- Using all available rosidl_typesupport_c: rosidl_typesupport_fastrtps_c;rosidl_typesupport_introspection_c
-- Using all available rosidl_typesupport_cpp: rosidl_typesupport_fastrtps_cpp;rosidl_typesupport_introspection_cpp
-- Found rmw_implementation_cmake: 6.1.2 (/opt/ros/humble/share/rmw_implementation_cmake/cmake)
-- Found rmw_fastrtps_cpp: 6.2.7 (/opt/ros/humble/share/rmw_fastrtps_cpp/cmake)
-- Found OpenSSL: /usr/lib/x86_64-linux-gnu/libcrypto.so (found version "3.0.2")  
-- Found FastRTPS: /opt/ros/humble/include  
-- Using RMW implementation 'rmw_fastrtps_cpp' as default
-- Looking for pthread.h
-- Looking for pthread.h - found
-- Performing Test CMAKE_HAVE_LIBC_PTHREAD
-- Performing Test CMAKE_HAVE_LIBC_PTHREAD - Success
-- Found Threads: TRUE  
-- Configuring done
-- Generating done
-- Build files have been written to: /home/tm/ros2_ws/build/cpp_pubsub
[ 50%] [32mBuilding CXX object CMakeFiles/talker.dir/src/publisher/member_function.cpp.o[0m
[ 50%] [32mBuilding CXX object CMakeFiles/listener.dir/src/subscriber/member_function_with_type_adapter.cpp.o[0m
[01m[K/home/tm/ros2_ws/src/cpp_pubsub/src/subscriber/member_function_with_type_adapter.cpp:11:16:[m[K [01;31m[Kerror: [m[Kâ€˜[01m[Krclcpp::Type[m[Kâ€™ has not been declared
   11 | struct rclcpp::[01;31m[KType[m[K::TypeAdapter<std::string, std_msgs::msg::String>
      |                [01;31m[K^~~~[m[K
[01m[K/home/tm/ros2_ws/src/cpp_pubsub/src/subscriber/member_function_with_type_adapter.cpp:11:33:[m[K [01;31m[Kerror: [m[Kexpected unqualified-id before â€˜[01m[K<[m[Kâ€™ token
   11 | struct rclcpp::Type::TypeAdapter[01;31m[K<[m[Kstd::string, std_msgs::msg::String>
      |                                 [01;31m[K^[m[K
[01m[K/home/tm/ros2_ws/src/cpp_pubsub/src/subscriber/member_function_with_type_adapter.cpp:[m[K In constructor â€˜[01m[KMinimalSubscriber::MinimalSubscriber()[m[Kâ€™:
[01m[K/home/tm/ros2_ws/src/cpp_pubsub/src/subscriber/member_function_with_type_adapter.cpp:36:99:[m[K [01;31m[Kerror: [m[Kexpected â€˜[01m[K)[m[Kâ€™ before â€˜[01m[K;[m[Kâ€™ token
   36 |             "topic", 1, std::bind(&MinimalSubscriber::topic_callback, this, std::placeholders::_1)[01;31m[K;[m[K
      |                                                                                                   [01;31m[K^[m[K
[01m[K/home/tm/ros2_ws/src/cpp_pubsub/src/subscriber/member_function_with_type_adapter.cpp:35:65:[m[K [01;36m[Knote: [m[Kto match this â€˜[01m[K([m[Kâ€™
   35 |         subscription_ = this->create_subscription<MyAdaptedType>[01;36m[K([m[K
      |                                                                 [01;36m[K^[m[K
[01m[K/home/tm/ros2_ws/src/cpp_pubsub/src/subscriber/member_function_with_type_adapter.cpp:37:9:[m[K [01;31m[Kerror: [m[Kexpected primary-expression before â€˜[01m[K)[m[Kâ€™ token
   37 |         [01;31m[K)[m[K;
      |         [01;31m[K^[m[K
gmake[2]: *** [CMakeFiles/listener.dir/build.make:76: CMakeFiles/listener.dir/src/subscriber/member_function_with_type_adapter.cpp.o] Error 1
gmake[1]: *** [CMakeFiles/Makefile2:165: CMakeFiles/listener.dir/all] Error 2
gmake[1]: *** Waiting for unfinished jobs....
[ 75%] [32m[1mLinking CXX executable talker[0m
[ 75%] Built target talker
gmake: *** [Makefile:146: all] Error 2
