[0.015s] Invoking command in '/home/tm/ros2_ws/build/cpp_pubsub': CMAKE_PREFIX_PATH=${CMAKE_PREFIX_PATH}:/opt/ros/humble /usr/bin/cmake --build /home/tm/ros2_ws/build/cpp_pubsub -- -j6 -l6
[0.048s] [35m[1mConsolidate compiler generated dependencies of target talker[0m
[0.049s] [35m[1mConsolidate compiler generated dependencies of target listener[0m
[0.061s] [ 50%] Built target talker
[0.062s] [ 75%] [32mBuilding CXX object CMakeFiles/listener.dir/src/subscriber/member_function_with_type_adapter.cpp.o[0m
[1.652s] [01m[K/home/tm/ros2_ws/src/cpp_pubsub/src/subscriber/member_function_with_type_adapter.cpp:11:16:[m[K [01;31m[Kerror: [m[Kâ€˜[01m[Krclcpp::Type[m[Kâ€™ has not been declared
[1.652s]    11 | struct rclcpp::[01;31m[KType[m[K::TypeAdapter<std::string, std_msgs::msg::String>
[1.652s]       |                [01;31m[K^~~~[m[K
[1.653s] [01m[K/home/tm/ros2_ws/src/cpp_pubsub/src/subscriber/member_function_with_type_adapter.cpp:11:33:[m[K [01;31m[Kerror: [m[Kexpected unqualified-id before â€˜[01m[K<[m[Kâ€™ token
[1.653s]    11 | struct rclcpp::Type::TypeAdapter[01;31m[K<[m[Kstd::string, std_msgs::msg::String>
[1.653s]       |                                 [01;31m[K^[m[K
[3.523s] gmake[2]: *** [CMakeFiles/listener.dir/build.make:76: CMakeFiles/listener.dir/src/subscriber/member_function_with_type_adapter.cpp.o] Error 1
[3.523s] gmake[1]: *** [CMakeFiles/Makefile2:165: CMakeFiles/listener.dir/all] Error 2
[3.523s] gmake: *** [Makefile:146: all] Error 2
[3.525s] Invoked command in '/home/tm/ros2_ws/build/cpp_pubsub' returned '2': CMAKE_PREFIX_PATH=${CMAKE_PREFIX_PATH}:/opt/ros/humble /usr/bin/cmake --build /home/tm/ros2_ws/build/cpp_pubsub -- -j6 -l6
